<?xml version="1.0" encoding="UTF-8" ?>
<testsuite errors="0" failures="0" hostname="jupiter" name="net.sf.marineapi.nmea.parser.DBTTest" tests="7" time="0.029" timestamp="2013-10-15T20:36:30">
  <properties>
    <property name="java.vendor" value="Sun Microsystems Inc." />
    <property name="sun.java.launcher" value="SUN_STANDARD" />
    <property name="sun.management.compiler" value="HotSpot 64-Bit Tiered Compilers" />
    <property name="os.name" value="Linux" />
    <property name="sun.boot.class.path" value="/usr/lib/jvm/java-6-oracle/jre/lib/resources.jar:/usr/lib/jvm/java-6-oracle/jre/lib/rt.jar:/usr/lib/jvm/java-6-oracle/jre/lib/sunrsasign.jar:/usr/lib/jvm/java-6-oracle/jre/lib/jsse.jar:/usr/lib/jvm/java-6-oracle/jre/lib/jce.jar:/usr/lib/jvm/java-6-oracle/jre/lib/charsets.jar:/usr/lib/jvm/java-6-oracle/jre/lib/modules/jdk.boot.jar:/usr/lib/jvm/java-6-oracle/jre/classes" />
    <property name="TODAY" value="October 15 2013" />
    <property name="javadoc.footer" value="Copyright (C) 2010-2013 Java Marine API authors. All Rights Reserved." />
    <property name="sun.desktop" value="gnome" />
    <property name="java.vm.specification.vendor" value="Sun Microsystems Inc." />
    <property name="ant.home" value="/usr/share/ant" />
    <property name="java.runtime.version" value="1.6.0_45-b06" />
    <property name="maven-staging-repository-url" value="https://oss.sonatype.org/service/local/staging/deploy/maven2/" />
    <property name="user.name" value="ktuu" />
    <property name="build.dir" value="target/" />
    <property name="date" value="2013-10-15" />
    <property name="user.language" value="en" />
    <property name="build.dir.reports" value="target//reports/" />
    <property name="sun.boot.library.path" value="/usr/lib/jvm/java-6-oracle/jre/lib/amd64" />
    <property name="ant.project.default-target" value="build" />
    <property name="doc.dir" value="src/main/resources/doc/" />
    <property name="ant.project.name" value="Java Marine API" />
    <property name="DSTAMP" value="20131015" />
    <property name="java.version" value="1.6.0_45" />
    <property name="build.dir.dist" value="target//dist/" />
    <property name="version" value="0.6.0" />
    <property name="user.timezone" value="" />
    <property name="artifactId" value="marineapi" />
    <property name="javadoc.title" value="Java Marine API v0.6.0 (b20131015233627)" />
    <property name="resources.dir" value="src/main/resources" />
    <property name="sun.arch.data.model" value="64" />
    <property name="maven-staging-repository-id" value="sonatype-nexus-staging" />
    <property name="java.endorsed.dirs" value="/usr/lib/jvm/java-6-oracle/jre/lib/endorsed" />
    <property name="sun.cpu.isalist" value="" />
    <property name="sun.jnu.encoding" value="UTF-8" />
    <property name="build.dir.classes" value="target//classes" />
    <property name="file.encoding.pkg" value="sun.io" />
    <property name="file.separator" value="/" />
    <property name="java.specification.name" value="Java Platform API Specification" />
    <property name="java.class.version" value="50.0" />
    <property name="user.country" value="US" />
    <property name="java.home" value="/usr/lib/jvm/java-6-oracle/jre" />
    <property name="java.vm.info" value="mixed mode" />
    <property name="manifest.file" value="target//MANIFEST.MF" />
    <property name="ant.file" value="/media/ktuu/Stuff/projects/marine-api/build.xml" />
    <property name="os.version" value="3.8.0-31-generic" />
    <property name="maven-snapshots-repository-url" value="https://oss.sonatype.org/content/repositories/snapshots/" />
    <property name="path.separator" value=":" />
    <property name="java.vm.version" value="20.45-b01" />
    <property name="maven-javadoc-jar" value="target//marineapi-0.6.0-javadoc.jar" />
    <property name="release.zip" value="target//marineapi-0.6.0.zip" />
    <property name="build.id" value="20131015233627" />
    <property name="ant.file.Java Marine API" value="/media/ktuu/Stuff/projects/marine-api/build.xml" />
    <property name="ant.library.dir" value="/usr/share/ant/lib" />
    <property name="java.awt.printerjob" value="sun.print.PSPrinterJob" />
    <property name="sun.io.unicode.encoding" value="UnicodeLittle" />
    <property name="maven-sources-jar" value="target//marineapi-0.6.0-sources.jar" />
    <property name="maven-snapshots-repository-id" value="sonatype-nexus-snapshots" />
    <property name="user.home" value="/home/ktuu" />
    <property name="java.specification.vendor" value="Sun Microsystems Inc." />
    <property name="groupId" value="net.sf.marineapi" />
    <property name="jar.file" value="target//marineapi-0.6.0.jar" />
    <property name="java.library.path" value="/usr/lib/jvm/java-6-oracle/jre/lib/amd64/server:/usr/lib/jvm/java-6-oracle/jre/lib/amd64:/usr/lib/jvm/java-6-oracle/jre/../lib/amd64:/usr/java/packages/lib/amd64:/usr/lib64:/lib64:/lib:/usr/lib" />
    <property name="java.vendor.url" value="http://java.sun.com/" />
    <property name="project.id" value="marineapi" />
    <property name="data.dir" value="src/test/resources/data/" />
    <property name="java.vm.vendor" value="Sun Microsystems Inc." />
    <property name="java.runtime.name" value="Java(TM) SE Runtime Environment" />
    <property name="sun.java.command" value="org.apache.tools.ant.launch.Launcher -cp  test" />
    <property name="java.class.path" value="/usr/share/ant/lib/ant-launcher.jar:/usr/share/java/xmlParserAPIs.jar:/usr/share/java/xercesImpl.jar:/home/ktuu/.ant/lib/maven-ant-tasks-2.1.3.jar:/home/ktuu/.ant/lib/junit-4.10.jar:/usr/share/ant/lib/ant-commons-logging.jar:/usr/share/ant/lib/ant-jsch.jar:/usr/share/ant/lib/ant-swing.jar:/usr/share/ant/lib/ant-junit.jar:/usr/share/ant/lib/ant-launcher.jar:/usr/share/ant/lib/ant-apache-oro.jar:/usr/share/ant/lib/ant.jar:/usr/share/ant/lib/ant-jmf.jar:/usr/share/ant/lib/ant-javamail.jar:/usr/share/ant/lib/ant-antlr.jar:/usr/share/ant/lib/ant-commons-net.jar:/usr/share/ant/lib/ant-apache-bsf.jar:/usr/share/ant/lib/ant-apache-log4j.jar:/usr/share/ant/lib/ant-testutil.jar:/usr/share/ant/lib/ant-apache-bcel.jar:/usr/share/ant/lib/ant-apache-resolver.jar:/usr/share/ant/lib/junit.jar:/usr/share/ant/lib/ant-apache-xalan2.jar:/usr/share/ant/lib/ant-junit4.jar:/usr/share/ant/lib/ant-apache-regexp.jar:/usr/share/ant/lib/ant-jdepend.jar:/usr/lib/jvm/java-6-oracle/lib/tools.jar" />
    <property name="year" value="2013" />
    <property name="ant.version" value="Apache Ant(TM) version 1.8.2 compiled on May 18 2012" />
    <property name="TSTAMP" value="2336" />
    <property name="ant.file.type.Java Marine API" value="file" />
    <property name="app.name" value="Java Marine API" />
    <property name="java.vm.specification.name" value="Java Virtual Machine Specification" />
    <property name="ant.file.type" value="file" />
    <property name="java.vm.specification.version" value="1.0" />
    <property name="sun.os.patch.level" value="unknown" />
    <property name="sun.cpu.endian" value="little" />
    <property name="java.io.tmpdir" value="/tmp" />
    <property name="java.vendor.url.bug" value="http://java.sun.com/cgi-bin/bugreport.cgi" />
    <property name="maven-jar" value="target//marineapi-0.6.0.jar" />
    <property name="java.awt.graphicsenv" value="sun.awt.X11GraphicsEnvironment" />
    <property name="os.arch" value="amd64" />
    <property name="java.ext.dirs" value="/usr/lib/jvm/java-6-oracle/jre/lib/ext:/usr/java/packages/lib/ext" />
    <property name="tests.dir" value="src/test/java" />
    <property name="user.dir" value="/media/ktuu/Stuff/projects/marine-api" />
    <property name="build.dir.javadoc" value="target//javadoc/" />
    <property name="line.separator" value="&#xa;" />
    <property name="java.vm.name" value="Java HotSpot(TM) 64-Bit Server VM" />
    <property name="app.version" value="0.6.0" />
    <property name="build.dir.tests" value="target//test-classes" />
    <property name="basedir" value="/media/ktuu/Stuff/projects/marine-api" />
    <property name="ant.java.version" value="1.6" />
    <property name="ant.core.lib" value="/usr/share/ant/lib/ant.jar" />
    <property name="file.encoding" value="UTF-8" />
    <property name="app.id" value="marineapi" />
    <property name="java.specification.version" value="1.6" />
    <property name="src.dir" value="src/main/java" />
    <property name="ant.project.invoked-targets" value="test" />
  </properties>
  <testcase classname="net.sf.marineapi.nmea.parser.DBTTest" name="testConstructor" time="0.0080" />
  <testcase classname="net.sf.marineapi.nmea.parser.DBTTest" name="testGetFathoms" time="0.0010" />
  <testcase classname="net.sf.marineapi.nmea.parser.DBTTest" name="testGetFeet" time="0.0010" />
  <testcase classname="net.sf.marineapi.nmea.parser.DBTTest" name="testGetMeters" time="0.0" />
  <testcase classname="net.sf.marineapi.nmea.parser.DBTTest" name="testSetFathoms" time="0.0010" />
  <testcase classname="net.sf.marineapi.nmea.parser.DBTTest" name="testSetFeet" time="0.0" />
  <testcase classname="net.sf.marineapi.nmea.parser.DBTTest" name="testSetMeters" time="0.0010" />
  <system-out><![CDATA[]]></system-out>
  <system-err><![CDATA[]]></system-err>
</testsuite>
